1707134332162|1|statement|connection 12|url jdbc:h2:mem:b625441c-4564-4621-a90d-802a35a1cfb4|SELECT Concat('TRUNCATE TABLE ', TABLE_NAME, ';') AS q FROM INFORMATION_SCHEMA.TABLES WHERE TABLE_SCHEMA = 'PUBLIC'|SELECT Concat('TRUNCATE TABLE ', TABLE_NAME, ';') AS q FROM INFORMATION_SCHEMA.TABLES WHERE TABLE_SCHEMA = 'PUBLIC'
1707134332164|0|statement|connection 12|url jdbc:h2:mem:b625441c-4564-4621-a90d-802a35a1cfb4|SET REFERENTIAL_INTEGRITY FALSE|SET REFERENTIAL_INTEGRITY FALSE
1707134332164|0|statement|connection 12|url jdbc:h2:mem:b625441c-4564-4621-a90d-802a35a1cfb4|TRUNCATE TABLE POST;|TRUNCATE TABLE POST;
1707134332164|0|statement|connection 12|url jdbc:h2:mem:b625441c-4564-4621-a90d-802a35a1cfb4|TRUNCATE TABLE FAVORITE;|TRUNCATE TABLE FAVORITE;
1707134332165|0|statement|connection 12|url jdbc:h2:mem:b625441c-4564-4621-a90d-802a35a1cfb4|TRUNCATE TABLE COMMENT;|TRUNCATE TABLE COMMENT;
1707134332165|0|statement|connection 12|url jdbc:h2:mem:b625441c-4564-4621-a90d-802a35a1cfb4|TRUNCATE TABLE MEMBER;|TRUNCATE TABLE MEMBER;
1707134332166|0|statement|connection 12|url jdbc:h2:mem:b625441c-4564-4621-a90d-802a35a1cfb4|SET REFERENTIAL_INTEGRITY TRUE|SET REFERENTIAL_INTEGRITY TRUE
1707134332169|0|rollback|connection 12|url jdbc:h2:mem:b625441c-4564-4621-a90d-802a35a1cfb4||
1707134332184|0|statement|connection 14|url jdbc:h2:mem:b625441c-4564-4621-a90d-802a35a1cfb4|SELECT Concat('TRUNCATE TABLE ', TABLE_NAME, ';') AS q FROM INFORMATION_SCHEMA.TABLES WHERE TABLE_SCHEMA = 'PUBLIC'|SELECT Concat('TRUNCATE TABLE ', TABLE_NAME, ';') AS q FROM INFORMATION_SCHEMA.TABLES WHERE TABLE_SCHEMA = 'PUBLIC'
1707134332184|0|statement|connection 14|url jdbc:h2:mem:b625441c-4564-4621-a90d-802a35a1cfb4|SET REFERENTIAL_INTEGRITY FALSE|SET REFERENTIAL_INTEGRITY FALSE
1707134332185|0|statement|connection 14|url jdbc:h2:mem:b625441c-4564-4621-a90d-802a35a1cfb4|TRUNCATE TABLE POST;|TRUNCATE TABLE POST;
1707134332185|0|statement|connection 13|url jdbc:h2:mem:b625441c-4564-4621-a90d-802a35a1cfb4|select m1_0.member_id from member m1_0 where m1_0.email=? fetch first ? rows only|select m1_0.member_id from member m1_0 where m1_0.email='test@test.com' fetch first 1 rows only
1707134332185|0|statement|connection 14|url jdbc:h2:mem:b625441c-4564-4621-a90d-802a35a1cfb4|TRUNCATE TABLE FAVORITE;|TRUNCATE TABLE FAVORITE;
1707134332185|0|statement|connection 14|url jdbc:h2:mem:b625441c-4564-4621-a90d-802a35a1cfb4|TRUNCATE TABLE COMMENT;|TRUNCATE TABLE COMMENT;
1707134332186|0|statement|connection 14|url jdbc:h2:mem:b625441c-4564-4621-a90d-802a35a1cfb4|TRUNCATE TABLE MEMBER;|TRUNCATE TABLE MEMBER;
1707134332186|0|statement|connection 14|url jdbc:h2:mem:b625441c-4564-4621-a90d-802a35a1cfb4|SET REFERENTIAL_INTEGRITY TRUE|SET REFERENTIAL_INTEGRITY TRUE
1707134332188|0|statement|connection 13|url jdbc:h2:mem:b625441c-4564-4621-a90d-802a35a1cfb4|select m1_0.member_id from member m1_0 where m1_0.email=? fetch first ? rows only|select m1_0.member_id from member m1_0 where m1_0.email='test@test.com' fetch first 1 rows only
1707134332199|0|statement|connection 13|url jdbc:h2:mem:b625441c-4564-4621-a90d-802a35a1cfb4|select m1_0.member_id from member m1_0 where m1_0.nickname=? fetch first ? rows only|select m1_0.member_id from member m1_0 where m1_0.nickname='test' fetch first 1 rows only
1707134332206|0|statement|connection 13|url jdbc:h2:mem:b625441c-4564-4621-a90d-802a35a1cfb4|select next value for member_seq|select next value for member_seq
1707134332207|0|statement|connection 13|url jdbc:h2:mem:b625441c-4564-4621-a90d-802a35a1cfb4|insert into member (email,name,nickname,password,type,member_id) values (?,?,?,?,?,?)|insert into member (email,name,nickname,password,type,member_id) values ('test@test.com','memberA','test','$2a$10$ZTmKbLLWn3vGwUULWqhfB.ZtsgI2qjq/FUzFgMFJMhmj46aD.abLq','APP',2)
1707134332208|0|commit|connection 13|url jdbc:h2:mem:b625441c-4564-4621-a90d-802a35a1cfb4||
1707134332260|0|statement|connection 14|url jdbc:h2:mem:b625441c-4564-4621-a90d-802a35a1cfb4|SELECT Concat('TRUNCATE TABLE ', TABLE_NAME, ';') AS q FROM INFORMATION_SCHEMA.TABLES WHERE TABLE_SCHEMA = 'PUBLIC'|SELECT Concat('TRUNCATE TABLE ', TABLE_NAME, ';') AS q FROM INFORMATION_SCHEMA.TABLES WHERE TABLE_SCHEMA = 'PUBLIC'
1707134332261|0|statement|connection 14|url jdbc:h2:mem:b625441c-4564-4621-a90d-802a35a1cfb4|SET REFERENTIAL_INTEGRITY FALSE|SET REFERENTIAL_INTEGRITY FALSE
1707134332261|0|statement|connection 14|url jdbc:h2:mem:b625441c-4564-4621-a90d-802a35a1cfb4|TRUNCATE TABLE POST;|TRUNCATE TABLE POST;
1707134332261|0|statement|connection 14|url jdbc:h2:mem:b625441c-4564-4621-a90d-802a35a1cfb4|TRUNCATE TABLE FAVORITE;|TRUNCATE TABLE FAVORITE;
1707134332261|0|statement|connection 14|url jdbc:h2:mem:b625441c-4564-4621-a90d-802a35a1cfb4|TRUNCATE TABLE COMMENT;|TRUNCATE TABLE COMMENT;
1707134332262|0|statement|connection 14|url jdbc:h2:mem:b625441c-4564-4621-a90d-802a35a1cfb4|TRUNCATE TABLE MEMBER;|TRUNCATE TABLE MEMBER;
1707134332262|0|statement|connection 14|url jdbc:h2:mem:b625441c-4564-4621-a90d-802a35a1cfb4|SET REFERENTIAL_INTEGRITY TRUE|SET REFERENTIAL_INTEGRITY TRUE
